#
# A fatal error has been detected by the Java Runtime Environment:
#
#  EXCEPTION_ACCESS_VIOLATION (0xc0000005) at pc=0x00000001800037be, pid=1820, tid=8720
#
# JRE version: Java(TM) SE Runtime Environment (8.0_60-b27) (build 1.8.0_60-b27)
# Java VM: Java HotSpot(TM) 64-Bit Server VM (25.60-b23 mixed mode windows-amd64 compressed oops)
# Problematic frame:
# C  [dlumd64.dll+0x37be]
#
# Failed to write core dump. Minidumps are not enabled by default on client versions of Windows
#
# If you would like to submit a bug report, please visit:
#   http://bugreport.java.com/bugreport/crash.jsp
# The crash happened outside the Java Virtual Machine in native code.
# See problematic frame for where to report the bug.
#

---------------  T H R E A D  ---------------

Current thread (0x0000000057baa000):  JavaThread "AWT-Windows" daemon [_thread_in_native, id=8720, stack(0x0000000061950000,0x0000000061a50000)]

siginfo: ExceptionCode=0xc0000005, reading address 0x0000000058536000

Registers:
RAX=0x0000000000000000, RBX=0x0000000058387f10, RCX=0x0000000000000000, RDX=0x0000000058535fd0
RSP=0x0000000061a4f130, RBP=0x0000000063cb8820, RSI=0x0000000058387f48, RDI=0x000000005846ae80
R8 =0x0000000058535f98, R9 =0x000000005846ae80, R10=0x0000000000000000, R11=0x0000000000000000
R12=0x0000000000000000, R13=0x0000000060033d98, R14=0x0000000061a4f4c8, R15=0x0000000057baa000
RIP=0x00000001800037be, EFLAGS=0x0000000000010206

Top of Stack: (sp=0x0000000061a4f130)
0x0000000061a4f130:   0000000058387f10 0000000063cb8820
0x0000000061a4f140:   0000000000000000 0000000000000000
0x0000000061a4f150:   fffffffffffffffe 0000000058387f48
0x0000000061a4f160:   000000005846ae80 000007fef64f6a43
0x0000000061a4f170:   0000000064489340 0000000061a4f4c8
0x0000000061a4f180:   0000000000000000 0000000064494560
0x0000000061a4f190:   0000000000000000 000007fef64e26b3
0x0000000061a4f1a0:   0000000064489340 0000000000000000
0x0000000061a4f1b0:   0000000000000000 0000000000000000
0x0000000061a4f1c0:   0000000000000000 0000000000000000
0x0000000061a4f1d0:   0000000000000001 000007fef64e25a0
0x0000000061a4f1e0:   0000000058120000 0000000064490901
0x0000000061a4f1f0:   0000000064489340 0000000058d43080
0x0000000061a4f200:   000000006448d020 000007fef64f6338
0x0000000061a4f210:   000000006448cce0 0000000000000000
0x0000000061a4f220:   0000000000000000 000000006448d020 

Instructions: (pc=0x00000001800037be)
0x000000018000379e:   48 8b 42 10 49 89 40 10 48 8b 42 18 49 89 40 18
0x00000001800037ae:   48 8b 42 20 49 89 40 20 48 8b 42 28 49 89 40 28
0x00000001800037be:   48 8b 42 30 49 89 40 30 48 83 c2 38 49 83 c0 38
0x00000001800037ce:   49 3b d1 75 bd 48 83 43 48 c8 41 8b c3 eb 05 48 


Register to memory mapping:

RAX=0x0000000000000000 is an unknown value
RBX=0x0000000058387f10 is an unknown value
RCX=0x0000000000000000 is an unknown value
RDX=0x0000000058535fd0 is an unknown value
RSP=0x0000000061a4f130 is pointing into the stack for thread: 0x0000000057baa000
RBP=0x0000000063cb8820 is an unknown value
RSI=0x0000000058387f48 is an unknown value
RDI=0x000000005846ae80 is an unknown value
R8 =0x0000000058535f98 is an unknown value
R9 =0x000000005846ae80 is an unknown value
R10=0x0000000000000000 is an unknown value
R11=0x0000000000000000 is an unknown value
R12=0x0000000000000000 is an unknown value
R13={method} {0x0000000060033da0} 'eventLoop' '()V' in 'sun/awt/windows/WToolkit'
R14=0x0000000061a4f4c8 is pointing into the stack for thread: 0x0000000057baa000
R15=0x0000000057baa000 is a thread


Stack: [0x0000000061950000,0x0000000061a50000],  sp=0x0000000061a4f130,  free space=1020k
Native frames: (J=compiled Java code, j=interpreted, Vv=VM code, C=native code)
C  [dlumd64.dll+0x37be]
C  [d3d9.dll+0x26b3]
C  [d3d9.dll+0x25a0]
C  [d3d9.dll+0x16338]
C  [d3d9.dll+0x15690]
C  [d3d9.dll+0x1566e]
C  [awt.dll+0x19c07]
C  [awt.dll+0x158b6]
C  [awt.dll+0x1d547]
C  [awt.dll+0x1f2c9]
C  [awt.dll+0xcbeed]
C  [awt.dll+0xcc421]
C  [awt.dll+0xcc8c7]
C  0x0000000002af3b34

Java frames: (J=compiled Java code, j=interpreted, Vv=VM code)
j  sun.awt.windows.WToolkit.eventLoop()V+0
j  sun.awt.windows.WToolkit.run()V+58
j  java.lang.Thread.run()V+11
v  ~StubRoutines::call_stub

---------------  P R O C E S S  ---------------

Java Threads: ( => current thread )
  0x0000000057bad000 JavaThread "AWT-Shutdown" [_thread_blocked, id=8512, stack(0x0000000057760000,0x0000000057860000)]
  0x0000000057bac800 JavaThread "Thread-7" daemon [_thread_in_native, id=11432, stack(0x000000005b4d0000,0x000000005b5d0000)]
  0x0000000057bab000 JavaThread "DestroyJavaVM" [_thread_blocked, id=4292, stack(0x0000000002710000,0x0000000002810000)]
=>0x0000000057baa000 JavaThread "AWT-Windows" daemon [_thread_in_native, id=8720, stack(0x0000000061950000,0x0000000061a50000)]
  0x0000000056cf6000 JavaThread "Java2D Disposer" daemon [_thread_blocked, id=5216, stack(0x0000000060120000,0x0000000060220000)]
  0x00000000578ad000 JavaThread "Thread-6" daemon [_thread_in_native, id=6816, stack(0x0000000061820000,0x0000000061920000)]
  0x0000000057c86800 JavaThread "Prism Font Disposer" daemon [_thread_blocked, id=5764, stack(0x000000005f3f0000,0x000000005f4f0000)]
  0x000000005789e800 JavaThread "Thread-3" daemon [_thread_in_native, id=11464, stack(0x000000005b060000,0x000000005b160000)]
  0x0000000056f4a800 JavaThread "Thread-2" daemon [_thread_blocked, id=8780, stack(0x0000000058d90000,0x0000000058e90000)]
  0x0000000056c68000 JavaThread "Monitor Ctrl-Break" daemon [_thread_in_native, id=10360, stack(0x0000000057390000,0x0000000057490000)]
  0x0000000056bc1000 JavaThread "Service Thread" daemon [_thread_blocked, id=11528, stack(0x0000000057130000,0x0000000057230000)]
  0x000000005506c800 JavaThread "C1 CompilerThread2" daemon [_thread_blocked, id=6580, stack(0x0000000056a50000,0x0000000056b50000)]
  0x000000005506b800 JavaThread "C2 CompilerThread1" daemon [_thread_blocked, id=12244, stack(0x0000000056940000,0x0000000056a40000)]
  0x0000000055067800 JavaThread "C2 CompilerThread0" daemon [_thread_blocked, id=11620, stack(0x00000000566e0000,0x00000000567e0000)]
  0x0000000055063000 JavaThread "Attach Listener" daemon [_thread_blocked, id=11756, stack(0x0000000056450000,0x0000000056550000)]
  0x0000000055061800 JavaThread "Signal Dispatcher" daemon [_thread_blocked, id=7572, stack(0x00000000567e0000,0x00000000568e0000)]
  0x0000000055007800 JavaThread "Finalizer" daemon [_thread_blocked, id=1696, stack(0x0000000056550000,0x0000000056650000)]
  0x0000000055000800 JavaThread "Reference Handler" daemon [_thread_blocked, id=10584, stack(0x0000000056320000,0x0000000056420000)]

Other Threads:
  0x0000000054ffb000 VMThread [stack: 0x0000000056180000,0x0000000056280000] [id=9512]
  0x0000000056bcd000 WatcherThread [stack: 0x0000000057230000,0x0000000057330000] [id=10284]

VM state:not at safepoint (normal execution)

VM Mutex/Monitor currently owned by a thread: None

Heap:
 PSYoungGen      total 22016K, used 19708K [0x00000000eb700000, 0x00000000ed280000, 0x0000000100000000)
  eden space 15872K, 96% used [0x00000000eb700000,0x00000000ec5ef070,0x00000000ec680000)
  from space 6144K, 71% used [0x00000000ecc80000,0x00000000ed0d0010,0x00000000ed280000)
  to   space 6144K, 0% used [0x00000000ec680000,0x00000000ec680000,0x00000000ecc80000)
 ParOldGen       total 25088K, used 8925K [0x00000000c2400000, 0x00000000c3c80000, 0x00000000eb700000)
  object space 25088K, 35% used [0x00000000c2400000,0x00000000c2cb75c8,0x00000000c3c80000)
 Metaspace       used 29649K, capacity 30648K, committed 30976K, reserved 1075200K
  class space    used 4004K, capacity 4235K, committed 4352K, reserved 1048576K

Card table byte_map: [0x0000000011ea0000,0x0000000012090000] byte_map_base: 0x000000001188e000

Marking Bits: (ParMarkBitMap*) 0x000000005c63a5b0
 Begin Bits: [0x00000000125a0000, 0x0000000013510000)
 End Bits:   [0x0000000013510000, 0x0000000014480000)

Polling page: 0x0000000000250000

CodeCache: size=245760Kb used=12399Kb max_used=12436Kb free=233360Kb
 bounds [0x0000000002ae0000, 0x0000000003760000, 0x0000000011ae0000]
 total_blobs=4668 nmethods=3831 adapters=749
 compilation: enabled

Compilation events (10 events):
Event: 657.186 Thread 0x0000000055067800 4346       4       javafx.scene.Parent::impl_pickNodeLocal (84 bytes)
Event: 657.201 Thread 0x0000000055067800 nmethod 4346 0x000000000324ab10 code [0x000000000324ad00, 0x000000000324b6c8]
Event: 792.820 Thread 0x000000005506c800 4347       1       com.sun.scenario.effect.impl.prism.PrTexture::getTextureObject (5 bytes)
Event: 792.820 Thread 0x000000005506c800 nmethod 4347 0x000000000306e1d0 code [0x000000000306e320, 0x000000000306e430]
Event: 793.528 Thread 0x000000005506b800 4348  s!   4       com.sun.javafx.tk.Toolkit::getToolkit (203 bytes)
Event: 793.530 Thread 0x000000005506b800 nmethod 4348 0x000000000306dd50 code [0x000000000306dea0, 0x000000000306e0d8]
Event: 793.656 Thread 0x0000000055067800 4349       4       com.sun.glass.ui.Application::checkEventThread (48 bytes)
Event: 793.657 Thread 0x0000000055067800 nmethod 4349 0x0000000002c0afd0 code [0x0000000002c0b100, 0x0000000002c0b178]
Event: 794.880 Thread 0x000000005506c800 4350       1       java.lang.invoke.DirectMethodHandle$Special::isInvokeSpecial (2 bytes)
Event: 794.881 Thread 0x000000005506c800 nmethod 4350 0x000000000306da50 code [0x000000000306dba0, 0x000000000306dcb0]

GC Heap History (10 events):
Event: 29.998 GC heap before
{Heap before GC invocations=3 (full 0):
 PSYoungGen      total 18432K, used 18400K [0x00000000eb700000, 0x00000000ecb80000, 0x0000000100000000)
  eden space 15872K, 100% used [0x00000000eb700000,0x00000000ec680000,0x00000000ec680000)
  from space 2560K, 98% used [0x00000000ec900000,0x00000000ecb78040,0x00000000ecb80000)
  to   space 2560K, 0% used [0x00000000ec680000,0x00000000ec680000,0x00000000ec900000)
 ParOldGen       total 42496K, used 3717K [0x00000000c2400000, 0x00000000c4d80000, 0x00000000eb700000)
  object space 42496K, 8% used [0x00000000c2400000,0x00000000c27a1468,0x00000000c4d80000)
 Metaspace       used 18748K, capacity 19326K, committed 19456K, reserved 1067008K
  class space    used 2381K, capacity 2548K, committed 2560K, reserved 1048576K
Event: 30.005 GC heap after
Heap after GC invocations=3 (full 0):
 PSYoungGen      total 18432K, used 2544K [0x00000000eb700000, 0x00000000ecb80000, 0x0000000100000000)
  eden space 15872K, 0% used [0x00000000eb700000,0x00000000eb700000,0x00000000ec680000)
  from space 2560K, 99% used [0x00000000ec680000,0x00000000ec8fc030,0x00000000ec900000)
  to   space 2560K, 0% used [0x00000000ec900000,0x00000000ec900000,0x00000000ecb80000)
 ParOldGen       total 42496K, used 4641K [0x00000000c2400000, 0x00000000c4d80000, 0x00000000eb700000)
  object space 42496K, 10% used [0x00000000c2400000,0x00000000c28885f8,0x00000000c4d80000)
 Metaspace       used 18748K, capacity 19326K, committed 19456K, reserved 1067008K
  class space    used 2381K, capacity 2548K, committed 2560K, reserved 1048576K
}
Event: 30.634 GC heap before
{Heap before GC invocations=4 (full 0):
 PSYoungGen      total 18432K, used 14756K [0x00000000eb700000, 0x00000000ecb80000, 0x0000000100000000)
  eden space 15872K, 76% used [0x00000000eb700000,0x00000000ec2ed388,0x00000000ec680000)
  from space 2560K, 99% used [0x00000000ec680000,0x00000000ec8fc030,0x00000000ec900000)
  to   space 2560K, 0% used [0x00000000ec900000,0x00000000ec900000,0x00000000ecb80000)
 ParOldGen       total 42496K, used 4641K [0x00000000c2400000, 0x00000000c4d80000, 0x00000000eb700000)
  object space 42496K, 10% used [0x00000000c2400000,0x00000000c28885f8,0x00000000c4d80000)
 Metaspace       used 20422K, capacity 21232K, committed 21296K, reserved 1067008K
  class space    used 2700K, capacity 2883K, committed 2944K, reserved 1048576K
Event: 30.641 GC heap after
Heap after GC invocations=4 (full 0):
 PSYoungGen      total 18432K, used 2544K [0x00000000eb700000, 0x00000000ecb80000, 0x0000000100000000)
  eden space 15872K, 0% used [0x00000000eb700000,0x00000000eb700000,0x00000000ec680000)
  from space 2560K, 99% used [0x00000000ec900000,0x00000000ecb7c030,0x00000000ecb80000)
  to   space 2560K, 0% used [0x00000000ec680000,0x00000000ec680000,0x00000000ec900000)
 ParOldGen       total 42496K, used 6140K [0x00000000c2400000, 0x00000000c4d80000, 0x00000000eb700000)
  object space 42496K, 14% used [0x00000000c2400000,0x00000000c29ff248,0x00000000c4d80000)
 Metaspace       used 20422K, capacity 21232K, committed 21296K, reserved 1067008K
  class space    used 2700K, capacity 2883K, committed 2944K, reserved 1048576K
}
Event: 30.642 GC heap before
{Heap before GC invocations=5 (full 1):
 PSYoungGen      total 18432K, used 2544K [0x00000000eb700000, 0x00000000ecb80000, 0x0000000100000000)
  eden space 15872K, 0% used [0x00000000eb700000,0x00000000eb700000,0x00000000ec680000)
  from space 2560K, 99% used [0x00000000ec900000,0x00000000ecb7c030,0x00000000ecb80000)
  to   space 2560K, 0% used [0x00000000ec680000,0x00000000ec680000,0x00000000ec900000)
 ParOldGen       total 42496K, used 6140K [0x00000000c2400000, 0x00000000c4d80000, 0x00000000eb700000)
  object space 42496K, 14% used [0x00000000c2400000,0x00000000c29ff248,0x00000000c4d80000)
 Metaspace       used 20422K, capacity 21232K, committed 21296K, reserved 1067008K
  class space    used 2700K, capacity 2883K, committed 2944K, reserved 1048576K
Event: 30.711 GC heap after
Heap after GC invocations=5 (full 1):
 PSYoungGen      total 18432K, used 0K [0x00000000eb700000, 0x00000000ecb80000, 0x0000000100000000)
  eden space 15872K, 0% used [0x00000000eb700000,0x00000000eb700000,0x00000000ec680000)
  from space 2560K, 0% used [0x00000000ec900000,0x00000000ec900000,0x00000000ecb80000)
  to   space 2560K, 0% used [0x00000000ec680000,0x00000000ec680000,0x00000000ec900000)
 ParOldGen       total 25088K, used 6253K [0x00000000c2400000, 0x00000000c3c80000, 0x00000000eb700000)
  object space 25088K, 24% used [0x00000000c2400000,0x00000000c2a1b5b8,0x00000000c3c80000)
 Metaspace       used 20422K, capacity 21232K, committed 21296K, reserved 1067008K
  class space    used 2700K, capacity 2883K, committed 2944K, reserved 1048576K
}
Event: 94.075 GC heap before
{Heap before GC invocations=6 (full 1):
 PSYoungGen      total 18432K, used 15872K [0x00000000eb700000, 0x00000000ecb80000, 0x0000000100000000)
  eden space 15872K, 100% used [0x00000000eb700000,0x00000000ec680000,0x00000000ec680000)
  from space 2560K, 0% used [0x00000000ec900000,0x00000000ec900000,0x00000000ecb80000)
  to   space 2560K, 0% used [0x00000000ec680000,0x00000000ec680000,0x00000000ec900000)
 ParOldGen       total 25088K, used 6253K [0x00000000c2400000, 0x00000000c3c80000, 0x00000000eb700000)
  object space 25088K, 24% used [0x00000000c2400000,0x00000000c2a1b5b8,0x00000000c3c80000)
 Metaspace       used 22519K, capacity 23410K, committed 23424K, reserved 1069056K
  class space    used 2991K, capacity 3200K, committed 3200K, reserved 1048576K
Event: 94.082 GC heap after
Heap after GC invocations=6 (full 1):
 PSYoungGen      total 18432K, used 2528K [0x00000000eb700000, 0x00000000ed280000, 0x0000000100000000)
  eden space 15872K, 0% used [0x00000000eb700000,0x00000000eb700000,0x00000000ec680000)
  from space 2560K, 98% used [0x00000000ec680000,0x00000000ec8f8010,0x00000000ec900000)
  to   space 6144K, 0% used [0x00000000ecc80000,0x00000000ecc80000,0x00000000ed280000)
 ParOldGen       total 25088K, used 8917K [0x00000000c2400000, 0x00000000c3c80000, 0x00000000eb700000)
  object space 25088K, 35% used [0x00000000c2400000,0x00000000c2cb55c8,0x00000000c3c80000)
 Metaspace       used 22519K, capacity 23410K, committed 23424K, reserved 1069056K
  class space    used 2991K, capacity 3200K, committed 3200K, reserved 1048576K
}
Event: 108.084 GC heap before
{Heap before GC invocations=7 (full 1):
 PSYoungGen      total 18432K, used 18400K [0x00000000eb700000, 0x00000000ed280000, 0x0000000100000000)
  eden space 15872K, 100% used [0x00000000eb700000,0x00000000ec680000,0x00000000ec680000)
  from space 2560K, 98% used [0x00000000ec680000,0x00000000ec8f8010,0x00000000ec900000)
  to   space 6144K, 0% used [0x00000000ecc80000,0x00000000ecc80000,0x00000000ed280000)
 ParOldGen       total 25088K, used 8917K [0x00000000c2400000, 0x00000000c3c80000, 0x00000000eb700000)
  object space 25088K, 35% used [0x00000000c2400000,0x00000000c2cb55c8,0x00000000c3c80000)
 Metaspace       used 29482K, capacity 30476K, committed 30976K, reserved 1075200K
  class space    used 3996K, capacity 4225K, committed 4352K, reserved 1048576K
Event: 108.092 GC heap after
Heap after GC invocations=7 (full 1):
 PSYoungGen      total 22016K, used 4416K [0x00000000eb700000, 0x00000000ed280000, 0x0000000100000000)
  eden space 15872K, 0% used [0x00000000eb700000,0x00000000eb700000,0x00000000ec680000)
  from space 6144K, 71% used [0x00000000ecc80000,0x00000000ed0d0010,0x00000000ed280000)
  to   space 6144K, 0% used [0x00000000ec680000,0x00000000ec680000,0x00000000ecc80000)
 ParOldGen       total 25088K, used 8925K [0x00000000c2400000, 0x00000000c3c80000, 0x00000000eb700000)
  object space 25088K, 35% used [0x00000000c2400000,0x00000000c2cb75c8,0x00000000c3c80000)
 Metaspace       used 29482K, capacity 30476K, committed 30976K, reserved 1075200K
  class space    used 3996K, capacity 4225K, committed 4352K, reserved 1048576K
}

Deoptimization events (10 events):
Event: 107.705 Thread 0x0000000057884000 Uncommon trap: reason=unstable_if action=reinterpret pc=0x0000000003194e90 method=javafx.scene.CssStyleHelper.lookup(Ljavafx/css/Styleable;Ljavafx/css/CssMetaData;Lcom/sun/javafx/css/StyleMap;Ljava/util/Set;Ljavafx/css/Styleable;Lcom/sun/javafx/css/Calcula6ÑÄÌZ@
Event: 107.705 Thread 0x0000000057884000 Uncommon trap: reason=bimorphic action=maybe_recompile pc=0x000000000368b01c method=javafx.scene.CssStyleHelper.lookupFont(Ljavafx/css/Styleable;Ljava/lang/String;Lcom/sun/javafx/css/StyleMap;Lcom/sun/javafx/css/CalculatedValue;)Lcom/sun/javafx/css/CalculaQó+∑ÌZ@
Event: 107.705 Thread 0x0000000057884000 Uncommon trap: reason=unstable_if action=reinterpret pc=0x00000000031f2914 method=javafx.scene.CssStyleHelper.getStyle(Ljavafx/css/Styleable;Ljava/lang/String;Lcom/sun/javafx/css/StyleMap;Ljava/util/Set;)Lcom/sun/javafx/css/CascadingStyle; @ 8
Event: 107.712 Thread 0x0000000056f29000 Uncommon trap: reason=unstable_if action=reinterpret pc=0x00000000036af000 method=com.sun.prism.impl.GlyphCache.addDataToQuad(Lcom/sun/prism/impl/GlyphCache$GlyphData;Lcom/sun/prism/impl/VertexBuffer;Lcom/sun/prism/Texture;FFFF)V @ 149
Event: 108.143 Thread 0x0000000057884000 Uncommon trap: reason=null_check action=make_not_entrant pc=0x0000000003191ec8 method=com.sun.javafx.css.StyleManager.getCacheContainer(Ljavafx/css/Styleable;Ljavafx/scene/SubScene;)Lcom/sun/javafx/css/StyleManager$CacheContainer; @ 107
Event: 108.146 Thread 0x0000000057884000 Uncommon trap: reason=null_check action=make_not_entrant pc=0x000000000368e3e0 method=javafx.scene.CssStyleHelper.getCachedFont(Ljavafx/css/Styleable;)Lcom/sun/javafx/css/CalculatedValue; @ 1
Event: 108.149 Thread 0x0000000057884000 Uncommon trap: reason=unstable_if action=reinterpret pc=0x00000000034a0208 method=javafx.scene.CssStyleHelper.isUserSetFont(Ljavafx/css/Styleable;)Z @ 56
Event: 108.450 Thread 0x0000000057884000 Uncommon trap: reason=class_check action=maybe_recompile pc=0x00000000032e84d0 method=javafx.scene.Node.updateLocalToParentTransform()V @ 209
Event: 108.451 Thread 0x0000000057884000 Uncommon trap: reason=class_check action=maybe_recompile pc=0x00000000032e84d0 method=javafx.scene.Node.updateLocalToParentTransform()V @ 209
Event: 794.040 Thread 0x0000000057884000 Uncommon trap: reason=unstable_if action=reinterpret pc=0x000000000336e070 method=javafx.scene.Node.impl_intersectsBounds(Lcom/sun/javafx/geom/PickRay;)D @ 902

Internal exceptions (10 events):
Event: 7.415 Thread 0x0000000057884000 Exception <a 'java/lang/ArrayIndexOutOfBoundsException'> (0x00000000eb7d1268) thrown at [C:\re\workspace\8-2-build-windows-amd64-cygwin\jdk8u60\4407\hotspot\src\share\vm\runtime\sharedRuntime.cpp, line 605]
Event: 7.705 Thread 0x0000000057884000 Implicit null exception at 0x0000000002dcf348 to 0x0000000002dcf3d6
Event: 30.330 Thread 0x0000000057884000 Exception <a 'java/lang/ArrayIndexOutOfBoundsException'> (0x00000000ebe44a58) thrown at [C:\re\workspace\8-2-build-windows-amd64-cygwin\jdk8u60\4407\hotspot\src\share\vm\runtime\sharedRuntime.cpp, line 605]
Event: 30.626 Thread 0x0000000057884000 Implicit null exception at 0x00000000030be816 to 0x00000000030be85d
Event: 31.021 Thread 0x0000000057884000 Implicit null exception at 0x0000000003126bd5 to 0x0000000003127209
Event: 103.371 Thread 0x0000000057884000 Exception <a 'java/io/FileNotFoundException'> (0x00000000ec2856e0) thrown at [C:\re\workspace\8-2-build-windows-amd64-cygwin\jdk8u60\4407\hotspot\src\share\vm\prims\jni.cpp, line 709]
Event: 103.607 Thread 0x0000000057884000 Exception <a 'java/io/FileNotFoundException'> (0x00000000ec2f6358) thrown at [C:\re\workspace\8-2-build-windows-amd64-cygwin\jdk8u60\4407\hotspot\src\share\vm\prims\jni.cpp, line 709]
Event: 107.697 Thread 0x0000000057884000 Implicit null exception at 0x00000000033f17cd to 0x00000000033f4705
Event: 107.704 Thread 0x0000000057884000 Implicit null exception at 0x0000000003138721 to 0x0000000003138c2d
Event: 108.146 Thread 0x0000000057884000 Implicit null exception at 0x00000000036860d0 to 0x000000000368e371

Events (10 events):
Event: 794.888 Executing VM operation: RevokeBias done
Event: 794.888 Thread 0x0000000057bab800 Thread exited: 0x0000000057bab800
Event: 794.888 Thread 0x0000000057bae000 Thread exited: 0x0000000057bae000
Event: 794.889 Executing VM operation: RevokeBias
Event: 794.889 Executing VM operation: RevokeBias done
Event: 794.890 Thread 0x0000000057bad000 Thread exited: 0x0000000057bad000
Event: 794.891 Thread 0x0000000057bad000 Thread added: 0x0000000057bad000
Event: 794.893 loading class sun/java2d/pipe/hw/AccelDeviceEventNotifier
Event: 794.893 loading class sun/java2d/pipe/hw/AccelDeviceEventNotifier done
Event: 794.928 Thread 0x0000000056f29000 Thread exited: 0x0000000056f29000


Dynamic libraries:
0x000000013fbb0000 - 0x000000013fbe7000 	C:\Program Files\Java\jdk1.8.0_60\bin\java.exe
0x0000000077540000 - 0x00000000776e9000 	C:\Windows\SYSTEM32\ntdll.dll
0x0000000077320000 - 0x000000007743f000 	C:\Windows\system32\kernel32.dll
0x000007fefd640000 - 0x000007fefd6ac000 	C:\Windows\system32\KERNELBASE.dll
0x0000000074ff0000 - 0x0000000075077000 	C:\Windows\System32\SYSFER.DLL
0x000007feff240000 - 0x000007feff31b000 	C:\Windows\system32\ADVAPI32.dll
0x000007fefef90000 - 0x000007feff02f000 	C:\Windows\system32\msvcrt.dll
0x000007feff110000 - 0x000007feff12f000 	C:\Windows\SYSTEM32\sechost.dll
0x000007fefd6b0000 - 0x000007fefd7dd000 	C:\Windows\system32\RPCRT4.dll
0x0000000077440000 - 0x000000007753a000 	C:\Windows\system32\USER32.dll
0x000007fefef20000 - 0x000007fefef87000 	C:\Windows\system32\GDI32.dll
0x000007fefd970000 - 0x000007fefd97e000 	C:\Windows\system32\LPK.dll
0x000007fefe710000 - 0x000007fefe7d9000 	C:\Windows\system32\USP10.dll
0x000007fefbe60000 - 0x000007fefc054000 	C:\Windows\WinSxS\amd64_microsoft.windows.common-controls_6595b64144ccf1df_6.0.7601.18837_none_fa3b1e3d17594757\COMCTL32.dll
0x000007fefd8f0000 - 0x000007fefd961000 	C:\Windows\system32\SHLWAPI.dll
0x000007fefec70000 - 0x000007fefec9e000 	C:\Windows\system32\IMM32.DLL
0x000007feff130000 - 0x000007feff239000 	C:\Windows\system32\MSCTF.dll
0x0000000060350000 - 0x0000000060422000 	C:\Program Files\Java\jdk1.8.0_60\jre\bin\msvcr100.dll
0x000000005be30000 - 0x000000005c6b9000 	C:\Program Files\Java\jdk1.8.0_60\jre\bin\server\jvm.dll
0x000007fefa450000 - 0x000007fefa459000 	C:\Windows\system32\WSOCK32.dll
0x000007fefeca0000 - 0x000007fefeced000 	C:\Windows\system32\WS2_32.dll
0x000007fefd8e0000 - 0x000007fefd8e8000 	C:\Windows\system32\NSI.dll
0x000007fefae60000 - 0x000007fefae9b000 	C:\Windows\system32\WINMM.dll
0x000007fefc4a0000 - 0x000007fefc4ac000 	C:\Windows\system32\VERSION.dll
0x0000000077700000 - 0x0000000077707000 	C:\Windows\system32\PSAPI.DLL
0x000000006cf30000 - 0x000000006cf3f000 	C:\Program Files\Java\jdk1.8.0_60\jre\bin\verify.dll
0x000000006caf0000 - 0x000000006cb19000 	C:\Program Files\Java\jdk1.8.0_60\jre\bin\java.dll
0x000000006cb90000 - 0x000000006cba6000 	C:\Program Files\Java\jdk1.8.0_60\jre\bin\zip.dll
0x000007fefd980000 - 0x000007fefe709000 	C:\Windows\system32\SHELL32.dll
0x000007fefe800000 - 0x000007fefea03000 	C:\Windows\system32\ole32.dll
0x000007fefd300000 - 0x000007fefd30f000 	C:\Windows\system32\profapi.dll
0x000007fef74d0000 - 0x000007fef74e0000 	C:\Program Files (x86)\JetBrains\IntelliJ IDEA 14.1.4\bin\breakgen64.dll
0x000000006cad0000 - 0x000000006caea000 	C:\Program Files\Java\jdk1.8.0_60\jre\bin\net.dll
0x000007fefcab0000 - 0x000007fefcb05000 	C:\Windows\system32\mswsock.dll
0x000007fefcaa0000 - 0x000007fefcaa7000 	C:\Windows\System32\wship6.dll
0x000007feef090000 - 0x000007feef17f000 	C:\Program Files\Java\jdk1.8.0_60\jre\bin\msvcr120.dll
0x000007feef9c0000 - 0x000007feefa66000 	C:\Program Files\Java\jdk1.8.0_60\jre\bin\msvcp120.dll
0x0000000060eb0000 - 0x0000000060ed3000 	C:\Program Files\Java\jdk1.8.0_60\jre\bin\prism_d3d.dll
0x000007fef64e0000 - 0x000007fef66df000 	C:\Windows\system32\d3d9.dll
0x000007fef6e70000 - 0x000007fef6e77000 	C:\Windows\system32\d3d8thk.dll
0x000007fefb8a0000 - 0x000007fefb8b8000 	C:\Windows\system32\dwmapi.dll
0x000007fefbe00000 - 0x000007fefbe56000 	C:\Windows\system32\uxtheme.dll
0x0000000180000000 - 0x000000018011e000 	C:\Windows\system32\dlumd64.dll
0x000007fefd310000 - 0x000007fefd32e000 	C:\Windows\system32\USERENV.dll
0x000007fefea10000 - 0x000007fefebe7000 	C:\Windows\system32\SETUPAPI.dll
0x000007fefd560000 - 0x000007fefd596000 	C:\Windows\system32\CFGMGR32.dll
0x000007feff030000 - 0x000007feff107000 	C:\Windows\system32\OLEAUT32.dll
0x000007fefd330000 - 0x000007fefd34a000 	C:\Windows\system32\DEVOBJ.dll
0x000000006d0c0000 - 0x000000006d53a000 	C:\Windows\system32\atiumd64.dll
0x00000000589b0000 - 0x0000000058c42000 	C:\Windows\system32\atiumd6a.dll
0x00000000605a0000 - 0x00000000605e3000 	C:\Program Files\Java\jdk1.8.0_60\jre\bin\glass.dll
0x000007fefecf0000 - 0x000007fefed87000 	C:\Windows\system32\COMDLG32.dll
0x000007fefd190000 - 0x000007fefd19f000 	C:\Windows\system32\CRYPTBASE.dll
0x000007fef3ad0000 - 0x000007fef3adc000 	C:\Program Files (x86)\Punto Switcher\PSHook64.dll
0x000007fefe7e0000 - 0x000007fefe7f9000 	C:\Windows\system32\imagehlp.dll
0x000007fefcc90000 - 0x000007fefcca8000 	C:\Windows\system32\CRYPTSP.dll
0x000007fefc760000 - 0x000007fefc7a7000 	C:\Windows\system32\rsaenh.dll
0x000007fefa420000 - 0x000007fefa447000 	C:\Windows\system32\IPHLPAPI.DLL
0x000007fefa410000 - 0x000007fefa41b000 	C:\Windows\system32\WINNSI.DLL
0x000007fefa3b0000 - 0x000007fefa3c8000 	C:\Windows\system32\dhcpcsvc.DLL
0x000007fefa390000 - 0x000007fefa3a1000 	C:\Windows\system32\dhcpcsvc6.DLL
0x000000006cab0000 - 0x000000006cac1000 	C:\Program Files\Java\jdk1.8.0_60\jre\bin\nio.dll
0x0000000060e80000 - 0x0000000060ea4000 	C:\Program Files\Java\jdk1.8.0_60\jre\bin\sunec.dll
0x0000000155600000 - 0x0000000155658000 	C:\Program Files (x86)\Microsoft Firewall Client 2004\FwcWsp64.dll
0x000007fefa730000 - 0x000007fefa745000 	C:\Windows\system32\NLAapi.dll
0x000007fef7300000 - 0x000007fef7315000 	C:\Windows\system32\napinsp.dll
0x000007fef6b30000 - 0x000007fef6b49000 	C:\Windows\system32\pnrpnsp.dll
0x000007fefc930000 - 0x000007fefc98b000 	C:\Windows\system32\DNSAPI.dll
0x000007fef7590000 - 0x000007fef759b000 	C:\Windows\System32\winrnr.dll
0x000007fef72f0000 - 0x000007fef7300000 	C:\Windows\system32\wshbth.dll
0x000007fefc490000 - 0x000007fefc497000 	C:\Windows\System32\wshtcpip.dll
0x000007fef7e80000 - 0x000007fef7e88000 	C:\Windows\system32\rasadhlp.dll
0x000007fefa230000 - 0x000007fefa283000 	C:\Windows\System32\fwpuclnt.dll
0x0000000060580000 - 0x0000000060594000 	C:\Program Files\Java\jdk1.8.0_60\jre\bin\javafx_font.dll
0x000007feedcc0000 - 0x000007feede57000 	C:\Windows\system32\dwrite.dll
0x000007fefd840000 - 0x000007fefd8d9000 	C:\Windows\system32\CLBCatQ.DLL
0x000007fefb550000 - 0x000007fefb6b1000 	C:\Windows\system32\WindowsCodecs.dll
0x000007fefd130000 - 0x000007fefd187000 	C:\Windows\system32\apphelp.dll
0x000007fef4e20000 - 0x000007fef4e5b000 	C:\Program Files (x86)\Dropbox\Client\DropboxExt64.27.dll
0x000000006da80000 - 0x000000006da96000 	C:\Program Files\Common Files\TortoiseOverlays\TortoiseOverlays.dll
0x000000006da60000 - 0x000000006da77000 	C:\Program Files\TortoiseSVN\bin\TortoiseStub.dll
0x000000006d9e0000 - 0x000000006da5d000 	C:\Program Files\TortoiseSVN\bin\TortoiseSVN.dll
0x000007feff5f0000 - 0x000007feff84a000 	C:\Windows\system32\WININET.dll
0x000007fefd600000 - 0x000007fefd604000 	C:\Windows\system32\api-ms-win-downlevel-user32-l1-1-0.dll
0x000007fefd610000 - 0x000007fefd614000 	C:\Windows\system32\api-ms-win-downlevel-shlwapi-l1-1-0.dll
0x000007fefd620000 - 0x000007fefd624000 	C:\Windows\system32\api-ms-win-downlevel-version-l1-1-0.dll
0x000007fefd630000 - 0x000007fefd633000 	C:\Windows\system32\api-ms-win-downlevel-normaliz-l1-1-0.dll
0x0000000077710000 - 0x0000000077713000 	C:\Windows\system32\normaliz.DLL
0x000007feff320000 - 0x000007feff5e7000 	C:\Windows\system32\iertutil.dll
0x000007fefd5a0000 - 0x000007fefd5a5000 	C:\Windows\system32\api-ms-win-downlevel-advapi32-l1-1-0.dll
0x000007fef4980000 - 0x000007fef4df6000 	C:\Program Files\TortoiseSVN\bin\libsvn_tsvn.dll
0x000000006d960000 - 0x000000006d98e000 	C:\Program Files\TortoiseSVN\bin\libapr_tsvn.dll
0x000007fef48a0000 - 0x000007fef4974000 	C:\Windows\system32\MSVCR110.dll
0x000000006d910000 - 0x000000006d955000 	C:\Program Files\TortoiseSVN\bin\libaprutil_tsvn.dll
0x000007fefd7e0000 - 0x000007fefd832000 	C:\Windows\system32\WLDAP32.dll
0x000007fef4880000 - 0x000007fef4891000 	C:\Program Files\TortoiseSVN\bin\intl3_tsvn.dll
0x000007fef4860000 - 0x000007fef4879000 	C:\Program Files\TortoiseSVN\bin\libsasl.dll
0x000007fefd0d0000 - 0x000007fefd0db000 	C:\Windows\system32\Secur32.dll
0x000007fefd100000 - 0x000007fefd125000 	C:\Windows\system32\SSPICLI.DLL
0x000007fefd3f0000 - 0x000007fefd55d000 	C:\Windows\system32\CRYPT32.dll
0x000007fefd2f0000 - 0x000007fefd2ff000 	C:\Windows\system32\MSASN1.dll
0x000007fef47b0000 - 0x000007fef4857000 	C:\Windows\system32\MSVCP110.dll
0x000007feeb470000 - 0x000007feeb834000 	C:\Windows\system32\d2d1.dll
0x000007fef5230000 - 0x000007fef5405000 	C:\Windows\system32\d3d11.dll
0x000007fef5410000 - 0x000007fef546d000 	C:\Windows\system32\dxgi.dll
0x000007feea440000 - 0x000007feea6b9000 	C:\Windows\system32\D3D10Warp.dll
0x000007fefd5b0000 - 0x000007fefd5eb000 	C:\Windows\system32\WINTRUST.dll
0x00000000026d0000 - 0x00000000026e1000 	C:\Program Files\Java\jdk1.8.0_60\jre\bin\prism_common.dll
0x00000000605f0000 - 0x0000000060788000 	C:\Program Files\Java\jdk1.8.0_60\jre\bin\awt.dll
0x000007fefb3e0000 - 0x000007fefb451000 	C:\Windows\system32\WINSPOOL.DRV
0x00000000570e0000 - 0x0000000057127000 	C:\Program Files\Java\jdk1.8.0_60\jre\bin\fontmanager.dll
0x0000000057330000 - 0x0000000057372000 	C:\Program Files\Java\jdk1.8.0_60\jre\bin\t2k.dll
0x000007fefb8c0000 - 0x000007fefb9ec000 	C:\Windows\system32\PROPSYS.dll
0x000007fef24b0000 - 0x000007fef25d5000 	C:\Windows\system32\dbghelp.dll

VM Arguments:
jvm_args: -Didea.launcher.port=7532 -Didea.launcher.bin.path=C:\Program Files (x86)\JetBrains\IntelliJ IDEA 14.1.4\bin -Dfile.encoding=windows-1251 
java_command: com.intellij.rt.execution.application.AppMain atrium.fx.ru.Main
java_class_path (initial): C:\Program Files\Java\jdk1.8.0_60\jre\lib\charsets.jar;C:\Program Files\Java\jdk1.8.0_60\jre\lib\deploy.jar;C:\Program Files\Java\jdk1.8.0_60\jre\lib\javaws.jar;C:\Program Files\Java\jdk1.8.0_60\jre\lib\jce.jar;C:\Program Files\Java\jdk1.8.0_60\jre\lib\jfr.jar;C:\Program Files\Java\jdk1.8.0_60\jre\lib\jfxswt.jar;C:\Program Files\Java\jdk1.8.0_60\jre\lib\jsse.jar;C:\Program Files\Java\jdk1.8.0_60\jre\lib\management-agent.jar;C:\Program Files\Java\jdk1.8.0_60\jre\lib\plugin.jar;C:\Program Files\Java\jdk1.8.0_60\jre\lib\resources.jar;C:\Program Files\Java\jdk1.8.0_60\jre\lib\rt.jar;C:\Program Files\Java\jdk1.8.0_60\jre\lib\ext\access-bridge-64.jar;C:\Program Files\Java\jdk1.8.0_60\jre\lib\ext\cldrdata.jar;C:\Program Files\Java\jdk1.8.0_60\jre\lib\ext\dnsns.jar;C:\Program Files\Java\jdk1.8.0_60\jre\lib\ext\jaccess.jar;C:\Program Files\Java\jdk1.8.0_60\jre\lib\ext\jfxrt.jar;C:\Program Files\Java\jdk1.8.0_60\jre\lib\ext\localedata.jar;C:\Program Files\Java\jdk1.8.0_60\jre\lib\ext\nashorn.jar;C:\Program Files\Java\jdk1.8.0_60\jre\lib\ext\sunec.jar;C:\Program Files\Java\jdk1.8.0_60\jre\lib\ext\sunjce_provider.jar;C:\Program Files\Java\jdk1.8.0_60\jre\lib\ext\sunmscapi.jar;C:\Program Files\Java\jdk1.8.0_60\jre\lib\ext\sunpkcs11.jar;C:\Program Files\Java\jdk1.8.0_60\jre\lib\ext\zipfs.jar;C:\tele2\AtriumFX\out\production\AtriumFX;C:\tele2\AtriumFX\src\atrium\Libs\sqljdbc4-4.0.jar;C:\Program Files (x86)\JetBrains\IntelliJ IDEA 14.1.4\lib\idea_rt.jar
Launcher Type: SUN_STANDARD

Environment Variables:
JAVA_HOME=C:\Program Files\Java\jdk1.7.0_79\
PATH=C:\ProgramData\Oracle\Java\javapath;C:\Windows\system32;C:\Windows;C:\Windows\System32\Wbem;C:\Windows\System32\WindowsPowerShell\v1.0\;C:\Program Files (x86)\Intel\OpenCL SDK\2.0\bin\x86;C:\Program Files (x86)\Intel\OpenCL SDK\2.0\bin\x64;C:\Program Files (x86)\ATI Technologies\ATI.ACE\Core-Static;C:\Program Files\WIDCOMM\Bluetooth Software\;C:\Program Files\WIDCOMM\Bluetooth Software\syswow64;;C:\Program Files\Broadcom\Broadcom 802.11\Driver;C:\Program Files\TortoiseSVN\bin;C:\Program Files (x86)\Skype\Phone\;C:\apache-maven-3.3.3\bin;C:\Program Files\Java\jdk1.7.0_79\\bin;C:\Program Files (x86)\Microsoft SQL Server\100\Tools\Binn\;C:\Program Files\Microsoft SQL Server\100\Tools\Binn\;C:\Program Files\Microsoft SQL Server\100\DTS\Binn\
USERNAME=localadmin
OS=Windows_NT
PROCESSOR_IDENTIFIER=Intel64 Family 6 Model 37 Stepping 5, GenuineIntel



---------------  S Y S T E M  ---------------

OS: Windows 7 , 64 bit Build 7601 (6.1.7601.18933)

CPU:total 4 (2 cores per cpu, 2 threads per core) family 6 model 37 stepping 5, cmov, cx8, fxsr, mmx, sse, sse2, sse3, ssse3, sse4.1, sse4.2, popcnt, ht, tsc, tscinvbit

Memory: 4k page, physical 4046264k(582548k free), swap 9196832k(1160092k free)

vm_info: Java HotSpot(TM) 64-Bit Server VM (25.60-b23) for windows-amd64 JRE (1.8.0_60-b27), built on Aug  4 2015 11:06:27 by "java_re" with MS VC++ 10.0 (VS2010)

time: Wed Sep 30 18:20:20 2015
elapsed time: 795 seconds (0d 0h 13m 15s)

