#
# A fatal error has been detected by the Java Runtime Environment:
#
#  EXCEPTION_GUARD_PAGE (0x80000001) at pc=0x00000001800037b6, pid=8896, tid=8568
#
# JRE version: Java(TM) SE Runtime Environment (8.0_60-b27) (build 1.8.0_60-b27)
# Java VM: Java HotSpot(TM) 64-Bit Server VM (25.60-b23 mixed mode windows-amd64 compressed oops)
# Problematic frame:
# C  [dlumd64.dll+0x37b6]
#
# Failed to write core dump. Minidumps are not enabled by default on client versions of Windows
#
# If you would like to submit a bug report, please visit:
#   http://bugreport.java.com/bugreport/crash.jsp
# The crash happened outside the Java Virtual Machine in native code.
# See problematic frame for where to report the bug.
#

---------------  T H R E A D  ---------------

Current thread (0x0000000057f8f800):  JavaThread "AWT-Windows" daemon [_thread_in_native, id=8568, stack(0x0000000061110000,0x0000000061210000)]

siginfo: ExceptionCode=0x80000001, ExceptionInformation=0x0000000000000000 0x0000000057a80000 

Registers:
RAX=0x0000000000000000, RBX=0x0000000057967eb0, RCX=0x0000000000000000, RDX=0x0000000057a7ffd8
RSP=0x000000006120eff0, RBP=0x0000000062f9f4f0, RSI=0x0000000057967ee8, RDI=0x0000000057a7ae40
R8 =0x0000000057a7ffa0, R9 =0x0000000057a7ae40, R10=0x0000000001f30158, R11=0x0000000000000000
R12=0x0000000000000000, R13=0x0000000060f60df0, R14=0x000000006120f388, R15=0x0000000057f8f800
RIP=0x00000001800037b6, EFLAGS=0x0000000000010202

Top of Stack: (sp=0x000000006120eff0)
0x000000006120eff0:   0000000057967eb0 0000000062f9f4f0
0x000000006120f000:   0000000000000000 0000000000000000
0x000000006120f010:   fffffffffffffffe 0000000057967ee8
0x000000006120f020:   0000000057a7ae40 000007fef64f6a43
0x000000006120f030:   00000000637147b0 000000006120f388
0x000000006120f040:   0000000000000000 000000006371f9e0
0x000000006120f050:   0000000000000000 000007fef64e26b3
0x000000006120f060:   00000000637147b0 0000000000000000
0x000000006120f070:   0000000000000000 0000000000000000
0x000000006120f080:   0000000000000000 0000000000000000
0x000000006120f090:   0000000000000001 000007fef64e25a0
0x000000006120f0a0:   0000000001f40000 000000006371bd01
0x000000006120f0b0:   00000000637147b0 0000000058c43d60
0x000000006120f0c0:   0000000063718480 000007fef64f6338
0x000000006120f0d0:   0000000063718140 0000000000000000
0x000000006120f0e0:   0000000000000000 0000000063718480 

Instructions: (pc=0x00000001800037b6)
0x0000000180003796:   48 8b 42 08 49 89 40 08 48 8b 42 10 49 89 40 10
0x00000001800037a6:   48 8b 42 18 49 89 40 18 48 8b 42 20 49 89 40 20
0x00000001800037b6:   48 8b 42 28 49 89 40 28 48 8b 42 30 49 89 40 30
0x00000001800037c6:   48 83 c2 38 49 83 c0 38 49 3b d1 75 bd 48 83 43 


Register to memory mapping:

RAX=0x0000000000000000 is an unknown value
RBX=0x0000000057967eb0 is an unknown value
RCX=0x0000000000000000 is an unknown value
RDX=0x0000000057a7ffd8 is an unknown value
RSP=0x000000006120eff0 is pointing into the stack for thread: 0x0000000057f8f800
RBP=0x0000000062f9f4f0 is an unknown value
RSI=0x0000000057967ee8 is an unknown value
RDI=0x0000000057a7ae40 is an unknown value
R8 =0x0000000057a7ffa0 is an unknown value
R9 =0x0000000057a7ae40 is an unknown value
R10=0x0000000001f30158 is an unknown value
R11=0x0000000000000000 is an unknown value
R12=0x0000000000000000 is an unknown value
R13={method} {0x0000000060f60df8} 'eventLoop' '()V' in 'sun/awt/windows/WToolkit'
R14=0x000000006120f388 is pointing into the stack for thread: 0x0000000057f8f800
R15=0x0000000057f8f800 is a thread


Stack: [0x0000000061110000,0x0000000061210000],  sp=0x000000006120eff0,  free space=1019k
Native frames: (J=compiled Java code, j=interpreted, Vv=VM code, C=native code)
C  [dlumd64.dll+0x37b6]
C  [d3d9.dll+0x26b3]
C  [d3d9.dll+0x25a0]
C  [d3d9.dll+0x16338]
C  [d3d9.dll+0x15690]
C  [d3d9.dll+0x1566e]
C  [awt.dll+0x19c07]
C  [awt.dll+0x158b6]
C  [awt.dll+0x1d547]
C  [awt.dll+0x1f2c9]
C  [awt.dll+0xcbeed]
C  [awt.dll+0xcc421]
C  [awt.dll+0xcc8c7]
C  0x0000000002aaa84c

Java frames: (J=compiled Java code, j=interpreted, Vv=VM code)
j  sun.awt.windows.WToolkit.eventLoop()V+0
j  sun.awt.windows.WToolkit.run()V+58
j  java.lang.Thread.run()V+11
v  ~StubRoutines::call_stub

---------------  P R O C E S S  ---------------

Java Threads: ( => current thread )
  0x0000000057f91000 JavaThread "AWT-Shutdown" [_thread_blocked, id=7776, stack(0x0000000064ea0000,0x0000000064fa0000)]
  0x0000000057f93000 JavaThread "Thread-7" daemon [_thread_in_native, id=5916, stack(0x000000005afa0000,0x000000005b0a0000)]
  0x0000000057f92800 JavaThread "DestroyJavaVM" [_thread_blocked, id=8332, stack(0x00000000026c0000,0x00000000027c0000)]
  0x0000000057f91800 JavaThread "TimerQueue" daemon [_thread_blocked, id=8984, stack(0x0000000065920000,0x0000000065a20000)]
=>0x0000000057f8f800 JavaThread "AWT-Windows" daemon [_thread_in_native, id=8568, stack(0x0000000061110000,0x0000000061210000)]
  0x0000000057fc7000 JavaThread "Java2D Disposer" daemon [_thread_blocked, id=5160, stack(0x0000000060220000,0x0000000060320000)]
  0x000000005c98c800 JavaThread "Thread-6" daemon [_thread_in_native, id=7760, stack(0x0000000060600000,0x0000000060700000)]
  0x000000005c9f7000 JavaThread "Prism Font Disposer" daemon [_thread_blocked, id=5640, stack(0x000000005ef20000,0x000000005f020000)]
  0x0000000057e02800 JavaThread "Thread-2" daemon [_thread_in_native, id=4248, stack(0x000000005ad00000,0x000000005ae00000)]
  0x0000000057dbd800 JavaThread "Thread-1" daemon [_thread_blocked, id=8844, stack(0x0000000058cb0000,0x0000000058db0000)]
  0x0000000056564000 JavaThread "Service Thread" daemon [_thread_blocked, id=7128, stack(0x0000000057a80000,0x0000000057b80000)]
  0x00000000564f0000 JavaThread "C1 CompilerThread2" daemon [_thread_blocked, id=8224, stack(0x0000000057830000,0x0000000057930000)]
  0x00000000564ef000 JavaThread "C2 CompilerThread1" daemon [_thread_blocked, id=7376, stack(0x0000000057100000,0x0000000057200000)]
  0x00000000564f8800 JavaThread "C2 CompilerThread0" daemon [_thread_blocked, id=7232, stack(0x0000000057710000,0x0000000057810000)]
  0x00000000564e3000 JavaThread "JDWP Command Reader" daemon [_thread_in_native, id=8536, stack(0x0000000057520000,0x0000000057620000)]
  0x0000000054f7e800 JavaThread "JDWP Event Helper Thread" daemon [_thread_blocked, id=6664, stack(0x0000000057370000,0x0000000057470000)]
  0x00000000564d9800 JavaThread "JDWP Transport Listener: dt_socket" daemon [_thread_blocked, id=8204, stack(0x0000000056ef0000,0x0000000056ff0000)]
  0x00000000564d0800 JavaThread "Attach Listener" daemon [_thread_blocked, id=7540, stack(0x00000000560b0000,0x00000000561b0000)]
  0x0000000054f76800 JavaThread "Signal Dispatcher" daemon [_thread_blocked, id=7712, stack(0x0000000056a10000,0x0000000056b10000)]
  0x0000000054f1c800 JavaThread "Finalizer" daemon [_thread_blocked, id=7388, stack(0x00000000563d0000,0x00000000564d0000)]
  0x0000000054f16000 JavaThread "Reference Handler" daemon [_thread_blocked, id=7336, stack(0x0000000056210000,0x0000000056310000)]

Other Threads:
  0x0000000054f10800 VMThread [stack: 0x0000000055fa0000,0x00000000560a0000] [id=6532]
  0x0000000056579000 WatcherThread [stack: 0x0000000057c00000,0x0000000057d00000] [id=8692]

VM state:not at safepoint (normal execution)

VM Mutex/Monitor currently owned by a thread: None

Heap:
 PSYoungGen      total 34304K, used 19958K [0x00000000eb700000, 0x00000000efa00000, 0x0000000100000000)
  eden space 31744K, 62% used [0x00000000eb700000,0x00000000eca7da50,0x00000000ed600000)
  from space 2560K, 0% used [0x00000000ed600000,0x00000000ed600000,0x00000000ed880000)
  to   space 2560K, 0% used [0x00000000ef780000,0x00000000ef780000,0x00000000efa00000)
 ParOldGen       total 31744K, used 6266K [0x00000000c2400000, 0x00000000c4300000, 0x00000000eb700000)
  object space 31744K, 19% used [0x00000000c2400000,0x00000000c2a1e920,0x00000000c4300000)
 Metaspace       used 29387K, capacity 30398K, committed 30592K, reserved 1075200K
  class space    used 3988K, capacity 4222K, committed 4224K, reserved 1048576K

Card table byte_map: [0x0000000011e50000,0x0000000012040000] byte_map_base: 0x000000001183e000

Marking Bits: (ParMarkBitMap*) 0x000000005c63a5b0
 Begin Bits: [0x00000000124b0000, 0x0000000013420000)
 End Bits:   [0x0000000013420000, 0x0000000014390000)

Polling page: 0x0000000000670000

CodeCache: size=245760Kb used=9121Kb max_used=9131Kb free=236638Kb
 bounds [0x0000000002a90000, 0x0000000003390000, 0x0000000011a90000]
 total_blobs=3865 nmethods=3036 adapters=750
 compilation: enabled

Compilation events (10 events):
Event: 448.179 Thread 0x00000000564f0000 3398       3       com.sun.javafx.tk.quantum.GlassViewEventHandler::access$500 (5 bytes)
Event: 448.179 Thread 0x00000000564f0000 nmethod 3398 0x00000000031bec90 code [0x00000000031bee00, 0x00000000031bef68]
Event: 448.456 Thread 0x00000000564f0000 3399       3       com.sun.javafx.event.EventQueue::postEvent (12 bytes)
Event: 448.457 Thread 0x00000000564f0000 nmethod 3399 0x00000000031be810 code [0x00000000031be980, 0x00000000031beba8]
Event: 448.457 Thread 0x00000000564f0000 3400       3       java.util.ArrayDeque::remove (5 bytes)
Event: 448.457 Thread 0x00000000564f0000 nmethod 3400 0x00000000031be1d0 code [0x00000000031be360, 0x00000000031be678]
Event: 448.712 Thread 0x00000000564f8800 3401       4       com.sun.javafx.geom.transform.Identity::transform (20 bytes)
Event: 448.713 Thread 0x00000000564f8800 nmethod 3401 0x0000000002df7750 code [0x0000000002df7880, 0x0000000002df7958]
Event: 448.720 Thread 0x00000000564f0000 3402       1       com.sun.javafx.stage.WindowEventDispatcher::getLastDispatcher (5 bytes)
Event: 448.720 Thread 0x00000000564f0000 nmethod 3402 0x0000000002ff1550 code [0x0000000002ff16a0, 0x0000000002ff17b0]

GC Heap History (8 events):
Event: 7.427 GC heap before
{Heap before GC invocations=1 (full 0):
 PSYoungGen      total 18432K, used 15868K [0x00000000eb700000, 0x00000000ecb80000, 0x0000000100000000)
  eden space 15872K, 99% used [0x00000000eb700000,0x00000000ec67f148,0x00000000ec680000)
  from space 2560K, 0% used [0x00000000ec900000,0x00000000ec900000,0x00000000ecb80000)
  to   space 2560K, 0% used [0x00000000ec680000,0x00000000ec680000,0x00000000ec900000)
 ParOldGen       total 42496K, used 0K [0x00000000c2400000, 0x00000000c4d80000, 0x00000000eb700000)
  object space 42496K, 0% used [0x00000000c2400000,0x00000000c2400000,0x00000000c4d80000)
 Metaspace       used 10175K, capacity 10532K, committed 10752K, reserved 1058816K
  class space    used 1175K, capacity 1266K, committed 1280K, reserved 1048576K
Event: 7.595 GC heap after
Heap after GC invocations=1 (full 0):
 PSYoungGen      total 18432K, used 2544K [0x00000000eb700000, 0x00000000edb00000, 0x0000000100000000)
  eden space 15872K, 0% used [0x00000000eb700000,0x00000000eb700000,0x00000000ec680000)
  from space 2560K, 99% used [0x00000000ec680000,0x00000000ec8fc030,0x00000000ec900000)
  to   space 2560K, 0% used [0x00000000ed880000,0x00000000ed880000,0x00000000edb00000)
 ParOldGen       total 42496K, used 685K [0x00000000c2400000, 0x00000000c4d80000, 0x00000000eb700000)
  object space 42496K, 1% used [0x00000000c2400000,0x00000000c24ab7b0,0x00000000c4d80000)
 Metaspace       used 10175K, capacity 10532K, committed 10752K, reserved 1058816K
  class space    used 1175K, capacity 1266K, committed 1280K, reserved 1048576K
}
Event: 8.727 GC heap before
{Heap before GC invocations=2 (full 0):
 PSYoungGen      total 18432K, used 18413K [0x00000000eb700000, 0x00000000edb00000, 0x0000000100000000)
  eden space 15872K, 99% used [0x00000000eb700000,0x00000000ec67f728,0x00000000ec680000)
  from space 2560K, 99% used [0x00000000ec680000,0x00000000ec8fc030,0x00000000ec900000)
  to   space 2560K, 0% used [0x00000000ed880000,0x00000000ed880000,0x00000000edb00000)
 ParOldGen       total 42496K, used 685K [0x00000000c2400000, 0x00000000c4d80000, 0x00000000eb700000)
  object space 42496K, 1% used [0x00000000c2400000,0x00000000c24ab7b0,0x00000000c4d80000)
 Metaspace       used 14787K, capacity 15174K, committed 15488K, reserved 1062912K
  class space    used 1746K, capacity 1888K, committed 1920K, reserved 1048576K
Event: 8.736 GC heap after
Heap after GC invocations=2 (full 0):
 PSYoungGen      total 34304K, used 2528K [0x00000000eb700000, 0x00000000edb00000, 0x0000000100000000)
  eden space 31744K, 0% used [0x00000000eb700000,0x00000000eb700000,0x00000000ed600000)
  from space 2560K, 98% used [0x00000000ed880000,0x00000000edaf8040,0x00000000edb00000)
  to   space 2560K, 0% used [0x00000000ed600000,0x00000000ed600000,0x00000000ed880000)
 ParOldGen       total 42496K, used 3772K [0x00000000c2400000, 0x00000000c4d80000, 0x00000000eb700000)
  object space 42496K, 8% used [0x00000000c2400000,0x00000000c27af058,0x00000000c4d80000)
 Metaspace       used 14787K, capacity 15174K, committed 15488K, reserved 1062912K
  class space    used 1746K, capacity 1888K, committed 1920K, reserved 1048576K
}
Event: 12.252 GC heap before
{Heap before GC invocations=3 (full 0):
 PSYoungGen      total 34304K, used 27357K [0x00000000eb700000, 0x00000000edb00000, 0x0000000100000000)
  eden space 31744K, 78% used [0x00000000eb700000,0x00000000ecf3f560,0x00000000ed600000)
  from space 2560K, 98% used [0x00000000ed880000,0x00000000edaf8040,0x00000000edb00000)
  to   space 2560K, 0% used [0x00000000ed600000,0x00000000ed600000,0x00000000ed880000)
 ParOldGen       total 42496K, used 3772K [0x00000000c2400000, 0x00000000c4d80000, 0x00000000eb700000)
  object space 42496K, 8% used [0x00000000c2400000,0x00000000c27af058,0x00000000c4d80000)
 Metaspace       used 20351K, capacity 21282K, committed 21296K, reserved 1067008K
  class space    used 2693K, capacity 2932K, committed 2944K, reserved 1048576K
Event: 12.262 GC heap after
Heap after GC invocations=3 (full 0):
 PSYoungGen      total 34304K, used 2544K [0x00000000eb700000, 0x00000000efa00000, 0x0000000100000000)
  eden space 31744K, 0% used [0x00000000eb700000,0x00000000eb700000,0x00000000ed600000)
  from space 2560K, 99% used [0x00000000ed600000,0x00000000ed87c030,0x00000000ed880000)
  to   space 2560K, 0% used [0x00000000ef780000,0x00000000ef780000,0x00000000efa00000)
 ParOldGen       total 42496K, used 6054K [0x00000000c2400000, 0x00000000c4d80000, 0x00000000eb700000)
  object space 42496K, 14% used [0x00000000c2400000,0x00000000c29e98c8,0x00000000c4d80000)
 Metaspace       used 20351K, capacity 21282K, committed 21296K, reserved 1067008K
  class space    used 2693K, capacity 2932K, committed 2944K, reserved 1048576K
}
Event: 12.262 GC heap before
{Heap before GC invocations=4 (full 1):
 PSYoungGen      total 34304K, used 2544K [0x00000000eb700000, 0x00000000efa00000, 0x0000000100000000)
  eden space 31744K, 0% used [0x00000000eb700000,0x00000000eb700000,0x00000000ed600000)
  from space 2560K, 99% used [0x00000000ed600000,0x00000000ed87c030,0x00000000ed880000)
  to   space 2560K, 0% used [0x00000000ef780000,0x00000000ef780000,0x00000000efa00000)
 ParOldGen       total 42496K, used 6054K [0x00000000c2400000, 0x00000000c4d80000, 0x00000000eb700000)
  object space 42496K, 14% used [0x00000000c2400000,0x00000000c29e98c8,0x00000000c4d80000)
 Metaspace       used 20351K, capacity 21282K, committed 21296K, reserved 1067008K
  class space    used 2693K, capacity 2932K, committed 2944K, reserved 1048576K
Event: 12.329 GC heap after
Heap after GC invocations=4 (full 1):
 PSYoungGen      total 34304K, used 0K [0x00000000eb700000, 0x00000000efa00000, 0x0000000100000000)
  eden space 31744K, 0% used [0x00000000eb700000,0x00000000eb700000,0x00000000ed600000)
  from space 2560K, 0% used [0x00000000ed600000,0x00000000ed600000,0x00000000ed880000)
  to   space 2560K, 0% used [0x00000000ef780000,0x00000000ef780000,0x00000000efa00000)
 ParOldGen       total 31744K, used 6266K [0x00000000c2400000, 0x00000000c4300000, 0x00000000eb700000)
  object space 31744K, 19% used [0x00000000c2400000,0x00000000c2a1e920,0x00000000c4300000)
 Metaspace       used 20351K, capacity 21282K, committed 21296K, reserved 1067008K
  class space    used 2693K, capacity 2932K, committed 2944K, reserved 1048576K
}

Deoptimization events (10 events):
Event: 120.157 Thread 0x0000000057dd3000 Uncommon trap: reason=class_check action=maybe_recompile pc=0x00000000031ce44c method=javafx.scene.Node.updateLocalToParentTransform()V @ 11
Event: 120.158 Thread 0x0000000057dd3000 Uncommon trap: reason=class_check action=maybe_recompile pc=0x00000000031ce44c method=javafx.scene.Node.updateLocalToParentTransform()V @ 11
Event: 120.158 Thread 0x0000000057dd3000 Uncommon trap: reason=class_check action=maybe_recompile pc=0x00000000031ce44c method=javafx.scene.Node.updateLocalToParentTransform()V @ 11
Event: 177.678 Thread 0x0000000057dd3000 Uncommon trap: reason=null_check action=make_not_entrant pc=0x00000000030fb690 method=com.sun.javafx.css.StyleManager.getCacheContainer(Ljavafx/css/Styleable;Ljavafx/scene/SubScene;)Lcom/sun/javafx/css/StyleManager$CacheContainer; @ 107
Event: 177.679 Thread 0x0000000057dd3000 Uncommon trap: reason=unstable_if action=reinterpret pc=0x000000000310e6a0 method=com.sun.javafx.css.StyleManager.getStyleMap(Ljavafx/css/Styleable;Ljavafx/scene/SubScene;I)Lcom/sun/javafx/css/StyleMap; @ 2
Event: 177.679 Thread 0x0000000057dd3000 Uncommon trap: reason=unstable_if action=reinterpret pc=0x000000000308a56c method=com.sun.javafx.css.BitSet.addAll(Ljava/util/Collection;)Z @ 1
Event: 177.681 Thread 0x0000000057dd3000 Uncommon trap: reason=unstable_if action=reinterpret pc=0x00000000030e4580 method=javafx.scene.CssStyleHelper.lookup(Ljavafx/css/Styleable;Ljavafx/css/CssMetaData;Lcom/sun/javafx/css/StyleMap;Ljava/util/Set;Ljavafx/css/Styleable;Lcom/sun/javafx/css/Calculaa}iëÓ5f@
Event: 177.682 Thread 0x0000000057dd3000 Uncommon trap: reason=unstable_if action=reinterpret pc=0x000000000322bdd0 method=javafx.scene.CssStyleHelper.getStyle(Ljavafx/css/Styleable;Ljava/lang/String;Lcom/sun/javafx/css/StyleMap;Ljava/util/Set;)Lcom/sun/javafx/css/CascadingStyle; @ 8
Event: 177.683 Thread 0x0000000057dd3000 Uncommon trap: reason=null_check action=make_not_entrant pc=0x00000000031f1700 method=com.sun.javafx.css.SimpleSelector.applies(Ljavafx/css/Styleable;)Z @ 77
Event: 177.683 Thread 0x0000000057dd3000 Uncommon trap: reason=unstable_if action=reinterpret pc=0x00000000032e7c9c method=javafx.scene.Node.getLocalBounds(Lcom/sun/javafx/geom/BaseBounds;Lcom/sun/javafx/geom/transform/BaseTransform;)Lcom/sun/javafx/geom/BaseBounds; @ 4

Internal exceptions (10 events):
Event: 8.633 Thread 0x0000000057dd3000 Exception <a 'java/lang/ArrayIndexOutOfBoundsException': 86> (0x00000000ec485a08) thrown at [C:\re\workspace\8-2-build-windows-amd64-cygwin\jdk8u60\4407\hotspot\src\share\vm\interpreter\interpreterRuntime.cpp, line 366]
Event: 8.644 Thread 0x0000000057dd3000 Exception <a 'java/lang/ArrayIndexOutOfBoundsException'> (0x00000000ec57e6c8) thrown at [C:\re\workspace\8-2-build-windows-amd64-cygwin\jdk8u60\4407\hotspot\src\share\vm\runtime\sharedRuntime.cpp, line 605]
Event: 8.741 Thread 0x0000000057dd3000 Exception <a 'java/lang/ArrayIndexOutOfBoundsException'> (0x00000000eb709638) thrown at [C:\re\workspace\8-2-build-windows-amd64-cygwin\jdk8u60\4407\hotspot\src\share\vm\runtime\sharedRuntime.cpp, line 605]
Event: 9.282 Thread 0x0000000057dd3000 Implicit null exception at 0x0000000002d5ba48 to 0x0000000002d5bad6
Event: 11.510 Thread 0x0000000057dd3000 Exception <a 'java/lang/ArrayIndexOutOfBoundsException'> (0x00000000ec98e958) thrown at [C:\re\workspace\8-2-build-windows-amd64-cygwin\jdk8u60\4407\hotspot\src\share\vm\runtime\sharedRuntime.cpp, line 605]
Event: 13.597 Thread 0x0000000057dd3000 Implicit null exception at 0x000000000306fd98 to 0x000000000307084d
Event: 121.794 Thread 0x0000000057dd3000 Exception <a 'java/io/FileNotFoundException'> (0x00000000ec50e048) thrown at [C:\re\workspace\8-2-build-windows-amd64-cygwin\jdk8u60\4407\hotspot\src\share\vm\prims\jni.cpp, line 709]
Event: 122.038 Thread 0x0000000057dd3000 Exception <a 'java/io/FileNotFoundException'> (0x00000000ec56e7d0) thrown at [C:\re\workspace\8-2-build-windows-amd64-cygwin\jdk8u60\4407\hotspot\src\share\vm\prims\jni.cpp, line 709]
Event: 177.679 Thread 0x0000000057dd3000 Implicit null exception at 0x0000000003089f24 to 0x000000000308a555
Event: 177.683 Thread 0x0000000057dd3000 Implicit null exception at 0x00000000031f0c8b to 0x00000000031f16f5

Events (10 events):
Event: 449.229 Executing VM operation: RevokeBias done
Event: 449.229 Executing VM operation: RevokeBias
Event: 449.229 Executing VM operation: RevokeBias done
Event: 449.229 Thread 0x0000000057f91000 Thread exited: 0x0000000057f91000
Event: 449.230 Thread 0x0000000057f91000 Thread added: 0x0000000057f91000
Event: 449.230 Thread 0x0000000057f90000 Thread exited: 0x0000000057f90000
Event: 449.230 Thread 0x0000000057f94000 Thread exited: 0x0000000057f94000
Event: 449.231 loading class sun/java2d/pipe/hw/AccelDeviceEventNotifier
Event: 449.231 loading class sun/java2d/pipe/hw/AccelDeviceEventNotifier done
Event: 449.266 Thread 0x0000000057da4800 Thread exited: 0x0000000057da4800


Dynamic libraries:
0x000000013fbb0000 - 0x000000013fbe7000 	C:\Program Files\Java\jdk1.8.0_60\bin\java.exe
0x0000000077540000 - 0x00000000776e9000 	C:\Windows\SYSTEM32\ntdll.dll
0x0000000077320000 - 0x000000007743f000 	C:\Windows\system32\kernel32.dll
0x000007fefd640000 - 0x000007fefd6ac000 	C:\Windows\system32\KERNELBASE.dll
0x0000000074ff0000 - 0x0000000075077000 	C:\Windows\System32\SYSFER.DLL
0x000007feff240000 - 0x000007feff31b000 	C:\Windows\system32\ADVAPI32.dll
0x000007fefef90000 - 0x000007feff02f000 	C:\Windows\system32\msvcrt.dll
0x000007feff110000 - 0x000007feff12f000 	C:\Windows\SYSTEM32\sechost.dll
0x000007fefd6b0000 - 0x000007fefd7dd000 	C:\Windows\system32\RPCRT4.dll
0x0000000077440000 - 0x000000007753a000 	C:\Windows\system32\USER32.dll
0x000007fefef20000 - 0x000007fefef87000 	C:\Windows\system32\GDI32.dll
0x000007fefd970000 - 0x000007fefd97e000 	C:\Windows\system32\LPK.dll
0x000007fefe710000 - 0x000007fefe7d9000 	C:\Windows\system32\USP10.dll
0x000007fefbe60000 - 0x000007fefc054000 	C:\Windows\WinSxS\amd64_microsoft.windows.common-controls_6595b64144ccf1df_6.0.7601.18837_none_fa3b1e3d17594757\COMCTL32.dll
0x000007fefd8f0000 - 0x000007fefd961000 	C:\Windows\system32\SHLWAPI.dll
0x000007fefec70000 - 0x000007fefec9e000 	C:\Windows\system32\IMM32.DLL
0x000007feff130000 - 0x000007feff239000 	C:\Windows\system32\MSCTF.dll
0x0000000060350000 - 0x0000000060422000 	C:\Program Files\Java\jdk1.8.0_60\jre\bin\msvcr100.dll
0x000000005be30000 - 0x000000005c6b9000 	C:\Program Files\Java\jdk1.8.0_60\jre\bin\server\jvm.dll
0x000007fefa450000 - 0x000007fefa459000 	C:\Windows\system32\WSOCK32.dll
0x000007fefeca0000 - 0x000007fefeced000 	C:\Windows\system32\WS2_32.dll
0x000007fefd8e0000 - 0x000007fefd8e8000 	C:\Windows\system32\NSI.dll
0x000007fefae60000 - 0x000007fefae9b000 	C:\Windows\system32\WINMM.dll
0x000007fefc4a0000 - 0x000007fefc4ac000 	C:\Windows\system32\VERSION.dll
0x0000000077700000 - 0x0000000077707000 	C:\Windows\system32\PSAPI.DLL
0x000000006cf30000 - 0x000000006cf3f000 	C:\Program Files\Java\jdk1.8.0_60\jre\bin\verify.dll
0x000000006caf0000 - 0x000000006cb19000 	C:\Program Files\Java\jdk1.8.0_60\jre\bin\java.dll
0x0000000060e80000 - 0x0000000060eb5000 	C:\Program Files\Java\jdk1.8.0_60\jre\bin\jdwp.dll
0x000000006bce0000 - 0x000000006bce8000 	C:\Program Files\Java\jdk1.8.0_60\jre\bin\npt.dll
0x000000006cb90000 - 0x000000006cba6000 	C:\Program Files\Java\jdk1.8.0_60\jre\bin\zip.dll
0x000007fefd980000 - 0x000007fefe709000 	C:\Windows\system32\SHELL32.dll
0x000007fefe800000 - 0x000007fefea03000 	C:\Windows\system32\ole32.dll
0x000007fefd300000 - 0x000007fefd30f000 	C:\Windows\system32\profapi.dll
0x000000006bc00000 - 0x000000006bc09000 	C:\Program Files\Java\jdk1.8.0_60\jre\bin\dt_socket.dll
0x0000000155600000 - 0x0000000155658000 	C:\Program Files (x86)\Microsoft Firewall Client 2004\FwcWsp64.dll
0x000007feff030000 - 0x000007feff107000 	C:\Windows\system32\OLEAUT32.dll
0x000007fefcab0000 - 0x000007fefcb05000 	C:\Windows\system32\mswsock.dll
0x000007fefc490000 - 0x000007fefc497000 	C:\Windows\System32\wshtcpip.dll
0x000007feeef70000 - 0x000007feef05f000 	C:\Program Files\Java\jdk1.8.0_60\jre\bin\msvcr120.dll
0x000007fef3830000 - 0x000007fef38d6000 	C:\Program Files\Java\jdk1.8.0_60\jre\bin\msvcp120.dll
0x00000000605c0000 - 0x00000000605e3000 	C:\Program Files\Java\jdk1.8.0_60\jre\bin\prism_d3d.dll
0x000007fef64e0000 - 0x000007fef66df000 	C:\Windows\system32\d3d9.dll
0x000007fef6e70000 - 0x000007fef6e77000 	C:\Windows\system32\d3d8thk.dll
0x000007fefb8a0000 - 0x000007fefb8b8000 	C:\Windows\system32\dwmapi.dll
0x000007fefbe00000 - 0x000007fefbe56000 	C:\Windows\system32\uxtheme.dll
0x0000000180000000 - 0x000000018011e000 	C:\Windows\system32\dlumd64.dll
0x000007fefd310000 - 0x000007fefd32e000 	C:\Windows\system32\USERENV.dll
0x000007fefea10000 - 0x000007fefebe7000 	C:\Windows\system32\SETUPAPI.dll
0x000007fefd560000 - 0x000007fefd596000 	C:\Windows\system32\CFGMGR32.dll
0x000007fefd330000 - 0x000007fefd34a000 	C:\Windows\system32\DEVOBJ.dll
0x000000006d0c0000 - 0x000000006d53a000 	C:\Windows\system32\atiumd64.dll
0x000000005bb90000 - 0x000000005be22000 	C:\Windows\system32\atiumd6a.dll
0x0000000060570000 - 0x00000000605b3000 	C:\Program Files\Java\jdk1.8.0_60\jre\bin\glass.dll
0x000007fefecf0000 - 0x000007fefed87000 	C:\Windows\system32\COMDLG32.dll
0x000007fefd190000 - 0x000007fefd19f000 	C:\Windows\system32\CRYPTBASE.dll
0x000007fef3ad0000 - 0x000007fef3adc000 	C:\Program Files (x86)\Punto Switcher\PSHook64.dll
0x000007fefe7e0000 - 0x000007fefe7f9000 	C:\Windows\system32\imagehlp.dll
0x000000006cad0000 - 0x000000006caea000 	C:\Program Files\Java\jdk1.8.0_60\jre\bin\net.dll
0x000007fefcaa0000 - 0x000007fefcaa7000 	C:\Windows\System32\wship6.dll
0x000007fefcc90000 - 0x000007fefcca8000 	C:\Windows\system32\CRYPTSP.dll
0x000007fefc760000 - 0x000007fefc7a7000 	C:\Windows\system32\rsaenh.dll
0x000007fefa420000 - 0x000007fefa447000 	C:\Windows\system32\IPHLPAPI.DLL
0x000007fefa410000 - 0x000007fefa41b000 	C:\Windows\system32\WINNSI.DLL
0x000007fefa3b0000 - 0x000007fefa3c8000 	C:\Windows\system32\dhcpcsvc.DLL
0x000007fefa390000 - 0x000007fefa3a1000 	C:\Windows\system32\dhcpcsvc6.DLL
0x000000006cab0000 - 0x000000006cac1000 	C:\Program Files\Java\jdk1.8.0_60\jre\bin\nio.dll
0x00000000601e0000 - 0x0000000060204000 	C:\Program Files\Java\jdk1.8.0_60\jre\bin\sunec.dll
0x000007fefa730000 - 0x000007fefa745000 	C:\Windows\system32\NLAapi.dll
0x000007fef7300000 - 0x000007fef7315000 	C:\Windows\system32\napinsp.dll
0x000007fef6b30000 - 0x000007fef6b49000 	C:\Windows\system32\pnrpnsp.dll
0x000007fefc930000 - 0x000007fefc98b000 	C:\Windows\system32\DNSAPI.dll
0x000007fef7590000 - 0x000007fef759b000 	C:\Windows\System32\winrnr.dll
0x000007fef72f0000 - 0x000007fef7300000 	C:\Windows\system32\wshbth.dll
0x000007fef7e80000 - 0x000007fef7e88000 	C:\Windows\system32\rasadhlp.dll
0x000007fefa230000 - 0x000007fefa283000 	C:\Windows\System32\fwpuclnt.dll
0x00000000601c0000 - 0x00000000601d4000 	C:\Program Files\Java\jdk1.8.0_60\jre\bin\javafx_font.dll
0x000007feedcc0000 - 0x000007feede57000 	C:\Windows\system32\dwrite.dll
0x000007fefd840000 - 0x000007fefd8d9000 	C:\Windows\system32\CLBCatQ.DLL
0x000007fefb550000 - 0x000007fefb6b1000 	C:\Windows\system32\WindowsCodecs.dll
0x000007fefd130000 - 0x000007fefd187000 	C:\Windows\system32\apphelp.dll
0x000007fef4e20000 - 0x000007fef4e5b000 	C:\Program Files (x86)\Dropbox\Client\DropboxExt64.27.dll
0x000000006da80000 - 0x000000006da96000 	C:\Program Files\Common Files\TortoiseOverlays\TortoiseOverlays.dll
0x000000006da60000 - 0x000000006da77000 	C:\Program Files\TortoiseSVN\bin\TortoiseStub.dll
0x000000006d9e0000 - 0x000000006da5d000 	C:\Program Files\TortoiseSVN\bin\TortoiseSVN.dll
0x000007feff5f0000 - 0x000007feff84a000 	C:\Windows\system32\WININET.dll
0x000007fefd600000 - 0x000007fefd604000 	C:\Windows\system32\api-ms-win-downlevel-user32-l1-1-0.dll
0x000007fefd610000 - 0x000007fefd614000 	C:\Windows\system32\api-ms-win-downlevel-shlwapi-l1-1-0.dll
0x000007fefd620000 - 0x000007fefd624000 	C:\Windows\system32\api-ms-win-downlevel-version-l1-1-0.dll
0x000007fefd630000 - 0x000007fefd633000 	C:\Windows\system32\api-ms-win-downlevel-normaliz-l1-1-0.dll
0x0000000077710000 - 0x0000000077713000 	C:\Windows\system32\normaliz.DLL
0x000007feff320000 - 0x000007feff5e7000 	C:\Windows\system32\iertutil.dll
0x000007fefd5a0000 - 0x000007fefd5a5000 	C:\Windows\system32\api-ms-win-downlevel-advapi32-l1-1-0.dll
0x000007fef4980000 - 0x000007fef4df6000 	C:\Program Files\TortoiseSVN\bin\libsvn_tsvn.dll
0x000000006d960000 - 0x000000006d98e000 	C:\Program Files\TortoiseSVN\bin\libapr_tsvn.dll
0x000007fef48a0000 - 0x000007fef4974000 	C:\Windows\system32\MSVCR110.dll
0x000000006d910000 - 0x000000006d955000 	C:\Program Files\TortoiseSVN\bin\libaprutil_tsvn.dll
0x000007fefd7e0000 - 0x000007fefd832000 	C:\Windows\system32\WLDAP32.dll
0x000007fef4880000 - 0x000007fef4891000 	C:\Program Files\TortoiseSVN\bin\intl3_tsvn.dll
0x000007fef4860000 - 0x000007fef4879000 	C:\Program Files\TortoiseSVN\bin\libsasl.dll
0x000007fefd0d0000 - 0x000007fefd0db000 	C:\Windows\system32\Secur32.dll
0x000007fefd100000 - 0x000007fefd125000 	C:\Windows\system32\SSPICLI.DLL
0x000007fefd3f0000 - 0x000007fefd55d000 	C:\Windows\system32\CRYPT32.dll
0x000007fefd2f0000 - 0x000007fefd2ff000 	C:\Windows\system32\MSASN1.dll
0x000007fef47b0000 - 0x000007fef4857000 	C:\Windows\system32\MSVCP110.dll
0x000007feea7d0000 - 0x000007feeab94000 	C:\Windows\system32\d2d1.dll
0x000007fef5230000 - 0x000007fef5405000 	C:\Windows\system32\d3d11.dll
0x000007fef5410000 - 0x000007fef546d000 	C:\Windows\system32\dxgi.dll
0x000007feeda40000 - 0x000007feedcb9000 	C:\Windows\system32\D3D10Warp.dll
0x000007fefd5b0000 - 0x000007fefd5eb000 	C:\Windows\system32\WINTRUST.dll
0x0000000056310000 - 0x0000000056321000 	C:\Program Files\Java\jdk1.8.0_60\jre\bin\prism_common.dll
0x000000005fe00000 - 0x000000005ff98000 	C:\Program Files\Java\jdk1.8.0_60\jre\bin\awt.dll
0x000007fefb3e0000 - 0x000007fefb451000 	C:\Windows\system32\WINSPOOL.DRV
0x0000000057b80000 - 0x0000000057bc7000 	C:\Program Files\Java\jdk1.8.0_60\jre\bin\fontmanager.dll
0x0000000058500000 - 0x0000000058542000 	C:\Program Files\Java\jdk1.8.0_60\jre\bin\t2k.dll
0x000007fefb8c0000 - 0x000007fefb9ec000 	C:\Windows\system32\PROPSYS.dll
0x000007fef24b0000 - 0x000007fef25d5000 	C:\Windows\system32\dbghelp.dll

VM Arguments:
jvm_args: -agentlib:jdwp=transport=dt_socket,address=127.0.0.1:50810,suspend=y,server=n -Dfile.encoding=windows-1251 
java_command: atrium.fx.ru.Main
java_class_path (initial): C:\Program Files\Java\jdk1.8.0_60\jre\lib\charsets.jar;C:\Program Files\Java\jdk1.8.0_60\jre\lib\deploy.jar;C:\Program Files\Java\jdk1.8.0_60\jre\lib\javaws.jar;C:\Program Files\Java\jdk1.8.0_60\jre\lib\jce.jar;C:\Program Files\Java\jdk1.8.0_60\jre\lib\jfr.jar;C:\Program Files\Java\jdk1.8.0_60\jre\lib\jfxswt.jar;C:\Program Files\Java\jdk1.8.0_60\jre\lib\jsse.jar;C:\Program Files\Java\jdk1.8.0_60\jre\lib\management-agent.jar;C:\Program Files\Java\jdk1.8.0_60\jre\lib\plugin.jar;C:\Program Files\Java\jdk1.8.0_60\jre\lib\resources.jar;C:\Program Files\Java\jdk1.8.0_60\jre\lib\rt.jar;C:\Program Files\Java\jdk1.8.0_60\jre\lib\ext\access-bridge-64.jar;C:\Program Files\Java\jdk1.8.0_60\jre\lib\ext\cldrdata.jar;C:\Program Files\Java\jdk1.8.0_60\jre\lib\ext\dnsns.jar;C:\Program Files\Java\jdk1.8.0_60\jre\lib\ext\jaccess.jar;C:\Program Files\Java\jdk1.8.0_60\jre\lib\ext\jfxrt.jar;C:\Program Files\Java\jdk1.8.0_60\jre\lib\ext\localedata.jar;C:\Program Files\Java\jdk1.8.0_60\jre\lib\ext\nashorn.jar;C:\Program Files\Java\jdk1.8.0_60\jre\lib\ext\sunec.jar;C:\Program Files\Java\jdk1.8.0_60\jre\lib\ext\sunjce_provider.jar;C:\Program Files\Java\jdk1.8.0_60\jre\lib\ext\sunmscapi.jar;C:\Program Files\Java\jdk1.8.0_60\jre\lib\ext\sunpkcs11.jar;C:\Program Files\Java\jdk1.8.0_60\jre\lib\ext\zipfs.jar;C:\tele2\AtriumFX\out\production\AtriumFX;C:\tele2\AtriumFX\src\atrium\Libs\sqljdbc4-4.0.jar;C:\Program Files (x86)\JetBrains\IntelliJ IDEA 14.1.4\lib\idea_rt.jar
Launcher Type: SUN_STANDARD

Environment Variables:
JAVA_HOME=C:\Program Files\Java\jdk1.7.0_79\
PATH=C:\ProgramData\Oracle\Java\javapath;C:\Windows\system32;C:\Windows;C:\Windows\System32\Wbem;C:\Windows\System32\WindowsPowerShell\v1.0\;C:\Program Files (x86)\Intel\OpenCL SDK\2.0\bin\x86;C:\Program Files (x86)\Intel\OpenCL SDK\2.0\bin\x64;C:\Program Files (x86)\ATI Technologies\ATI.ACE\Core-Static;C:\Program Files\WIDCOMM\Bluetooth Software\;C:\Program Files\WIDCOMM\Bluetooth Software\syswow64;;C:\Program Files\Broadcom\Broadcom 802.11\Driver;C:\Program Files\TortoiseSVN\bin;C:\Program Files (x86)\Skype\Phone\;C:\apache-maven-3.3.3\bin;C:\Program Files\Java\jdk1.7.0_79\\bin;C:\Program Files (x86)\Microsoft SQL Server\100\Tools\Binn\;C:\Program Files\Microsoft SQL Server\100\Tools\Binn\;C:\Program Files\Microsoft SQL Server\100\DTS\Binn\
USERNAME=localadmin
OS=Windows_NT
PROCESSOR_IDENTIFIER=Intel64 Family 6 Model 37 Stepping 5, GenuineIntel



---------------  S Y S T E M  ---------------

OS: Windows 7 , 64 bit Build 7601 (6.1.7601.18933)

CPU:total 4 (2 cores per cpu, 2 threads per core) family 6 model 37 stepping 5, cmov, cx8, fxsr, mmx, sse, sse2, sse3, ssse3, sse4.1, sse4.2, popcnt, ht, tsc, tscinvbit

Memory: 4k page, physical 4046264k(1032576k free), swap 8090688k(2616364k free)

vm_info: Java HotSpot(TM) 64-Bit Server VM (25.60-b23) for windows-amd64 JRE (1.8.0_60-b27), built on Aug  4 2015 11:06:27 by "java_re" with MS VC++ 10.0 (VS2010)

time: Tue Sep 29 14:37:58 2015
elapsed time: 450 seconds (0d 0h 7m 30s)

